build/app/outputs/mapping/release/mapping.txt
# compiler: R8
# compiler_version: 2.2.71
# min_api: 21
# pg_map_id: f6a0515
# common_typos_disable
...
com.google.android.gms.common.util.CollectionUtils -> com.google.android.gms.common.util.e:
    java.util.List listOf() -> a
    java.util.List listOf(java.lang.Object) -> b
    java.util.List listOf(java.lang.Object[]) -> c
com.google.android.gms.common.util.CrashUtils -> com.google.android.gms.common.util.f:
    java.lang.String[] zza -> a
    boolean addDynamiteErrorToDropBox(android.content.Context,java.lang.Throwable) -> a
com.google.android.gms.common.util.DefaultClock -> com.google.android.gms.common.util.g:
    com.google.android.gms.common.util.DefaultClock zza -> a
    long currentTimeMillis() -> a
    long nanoTime() -> b
    long elapsedRealtime() -> c
    com.google.android.gms.common.util.Clock getInstance() -> d
com.google.android.gms.common.util.DeviceProperties -> com.google.android.gms.common.util.h:
    java.lang.Boolean zzg -> c
    java.lang.Boolean zzi -> d
    java.lang.Boolean zzd -> a
    java.lang.Boolean zze -> b
    boolean isAuto(android.content.Context) -> a
    boolean isUserBuild() -> b
    boolean isWearable(android.content.Context) -> c
    boolean isWearableWithoutPlayStore(android.content.Context) -> d
    boolean zza(android.content.Context) -> e
    boolean zzb(android.content.Context) -> f
com.google.android.gms.common.util.Hex -> com.google.android.gms.common.util.i:
    char[] zza -> a
    char[] zzb -> b
    java.lang.String bytesToStringLowercase(byte[]) -> a
    java.lang.String bytesToStringUppercase(byte[]) -> b
    java.lang.String bytesToStringUppercase(byte[],boolean) -> c
com.google.android.gms.common.util.IOUtils -> com.google.android.gms.common.util.j:
    void closeQuietly(java.io.Closeable) -> a
com.google.android.gms.common.util.PlatformVersion -> com.google.android.gms.common.util.k:
    boolean isAtLeastIceCreamSandwich() -> a
    boolean isAtLeastJellyBean() -> b
    boolean isAtLeastJellyBeanMR2() -> c
    boolean isAtLeastKitKat() -> d
    boolean isAtLeastKitKatWatch() -> e
    boolean isAtLeastLollipop() -> f
    boolean isAtLeastN() -> g
    boolean isAtLeastO() -> h
    boolean isAtLeastP() -> i
    boolean isAtLeastQ() -> j
    boolean isAtLeastR() -> k
com.google.android.gms.common.util.ProcessUtils -> com.google.android.gms.common.util.l:
    java.lang.String zza -> a
    int zzb -> b
    java.lang.String getMyProcessName() -> a
com.google.android.gms.common.util.Strings -> com.google.android.gms.common.util.m:
    java.util.regex.Pattern zza -> a
    java.lang.String emptyToNull(java.lang.String) -> a
    boolean isEmptyOrWhitespace(java.lang.String) -> b
com.google.android.gms.common.util.UidVerifier -> com.google.android.gms.common.util.n:
    boolean isGooglePlayServicesUid(android.content.Context,int) -> a
    boolean uidHasPackageName(android.content.Context,int,java.lang.String) -> b
com.google.android.gms.common.util.WorkSourceUtil -> com.google.android.gms.common.util.o:
    java.lang.reflect.Method zzg -> g
    java.lang.reflect.Method zzh -> h
    java.lang.reflect.Method zzi -> i
    java.lang.reflect.Method zzc -> c
    java.lang.reflect.Method zzd -> d
    java.lang.reflect.Method zze -> e
    java.lang.reflect.Method zzf -> f
    int zza -> a
    java.lang.reflect.Method zzb -> b
    void add(android.os.WorkSource,int,java.lang.String) -> a
    android.os.WorkSource fromPackage(android.content.Context,java.lang.String) -> b
    boolean hasWorkSourcePermission(android.content.Context) -> c
com.google.android.gms.common.util.concurrent.HandlerExecutor -> com.google.android.gms.common.util.p.a:
    android.os.Handler zza -> o
com.google.android.gms.common.util.concurrent.NamedThreadFactory -> com.google.android.gms.common.util.p.b:
    java.util.concurrent.ThreadFactory zzb -> b
    java.lang.String zza -> a
com.google.android.gms.common.util.concurrent.zza -> com.google.android.gms.common.util.p.c:
    java.lang.Runnable zza -> o
com.google.android.gms.common.util.zza -> com.google.android.gms.common.util.q:
    int zza(int) -> a