build/app/outputs/mapping/release/usage.txt
com.example.maru.BuildConfig
com.example.maru.R$anim
com.example.maru.R$attr
com.example.maru.R$bool
com.example.maru.R$color
com.example.maru.R$dimen
com.example.maru.R$drawable
com.example.maru.R$id
com.example.maru.R$integer
com.example.maru.R$layout
com.example.maru.R$mipmap
com.example.maru.R$string
com.example.maru.R$style
com.example.maru.R$styleable
com.example.maru.R$xml
com.example.maru.R
...
com.facebook.share.internal.ResultProcessor
com.facebook.share.internal.ShareConstants
com.facebook.share.internal.ShareContentValidation$1
com.facebook.share.internal.ShareContentValidation$ApiValidator
com.facebook.share.internal.ShareContentValidation$StoryShareValidator
com.facebook.share.internal.ShareContentValidation$Validator
com.facebook.share.internal.ShareContentValidation$WebShareValidator
com.facebook.share.internal.ShareContentValidation
com.facebook.share.internal.ShareDialogFeature
com.facebook.share.internal.ShareFeedContent$1
com.facebook.share.internal.ShareFeedContent$Builder
com.facebook.share.internal.ShareFeedContent
com.facebook.share.internal.ShareInternalUtility$10
com.facebook.share.internal.ShareInternalUtility$11
com.facebook.share.internal.ShareInternalUtility$1
com.facebook.share.internal.ShareInternalUtility$2
com.facebook.share.internal.ShareInternalUtility$3
com.facebook.share.internal.ShareInternalUtility$4
com.facebook.share.internal.ShareInternalUtility$5
com.facebook.share.internal.ShareInternalUtility$6
com.facebook.share.internal.ShareInternalUtility$7
com.facebook.share.internal.ShareInternalUtility$9
com.facebook.share.internal.ShareInternalUtility:
    public static final java.lang.String MY_PHOTOS
    private static final java.lang.String MY_STAGING_RESOURCES
    private static final java.lang.String STAGING_PARAM
    public void <init>()
    static synthetic com.facebook.internal.NativeAppCallAttachmentStore$Attachment access$000(java.util.UUID,com.facebook.share.model.ShareMedia)
    private static com.facebook.internal.AppCall getAppCallFromActivityResult(int,int,android.content.Intent)
    private static com.facebook.internal.NativeAppCallAttachmentStore$Attachment getAttachment(java.util.UUID,android.net.Uri,android.graphics.Bitmap)
    private static com.facebook.internal.NativeAppCallAttachmentStore$Attachment getAttachment(java.util.UUID,com.facebook.share.model.ShareMedia)
    public static android.os.Bundle getBackgroundAssetMediaInfo(com.facebook.share.model.ShareStoryContent,java.util.UUID)
    public static java.util.List getMediaInfos(com.facebook.share.model.ShareMediaContent,java.util.UUID)
    public static com.facebook.share.widget.LikeView$ObjectType getMostSpecificObjectType(com.facebook.share.widget.LikeView$ObjectType,com.facebook.share.widget.LikeView$ObjectType)
    public static java.lang.String getNativeDialogCompletionGesture(android.os.Bundle)
    public static java.util.List getPhotoUrls(com.facebook.share.model.SharePhotoContent,java.util.UUID)
    public static java.lang.String getShareDialogPostId(android.os.Bundle)
com.facebook.share.internal.ShareStoryFeature
com.facebook.share.internal.WebDialogParameters$1
com.facebook.share.internal.WebDialogParameters:
    public void <init>()
    public static android.os.Bundle create(com.facebook.share.model.AppGroupCreationContent)
    public static android.os.Bundle create(com.facebook.share.model.GameRequestContent)
    public static android.os.Bundle create(com.facebook.share.model.SharePhotoContent)
    public static android.os.Bundle createForFeed(com.facebook.share.internal.ShareFeedContent)
    public static android.os.Bundle createForFeed(com.facebook.share.model.ShareLinkContent)
com.facebook.share.model.AppGroupCreationContent$1
com.facebook.share.model.AppGroupCreationContent$AppGroupPrivacy
com.facebook.share.model.AppGroupCreationContent$Builder
com.facebook.share.model.AppGroupCreationContent
com.facebook.share.model.CameraEffectArguments$1
com.facebook.share.model.CameraEffectArguments$Builder
com.facebook.share.model.CameraEffectArguments
com.facebook.share.model.CameraEffectTextures$1
com.facebook.share.model.CameraEffectTextures$Builder
com.facebook.share.model.CameraEffectTextures
com.facebook.share.model.GameRequestContent$1
com.facebook.share.model.GameRequestContent$ActionType
com.facebook.share.model.GameRequestContent$Builder
com.facebook.share.model.GameRequestContent$Filters